[2025-02-01 21:40:36] Updating time card: employeeId=2, clockOutDate=2025-02-04, clockOutTime=16:42
[2025-02-01 21:40:36] Updating time card 2: 0 hours 12 minutes
[2025-02-01 21:40:36] Error updating time card for employeeId=2, clockOutDate=2025-02-04, clockOutTime=16:42
[2025-02-01 21:43:12] Updating time card: employeeId=2, clockOutDate=2025-02-04, clockOutTime=20:43
[2025-02-01 21:43:12] Error updating time card for employeeId=2, clockOutDate=2025-02-04, clockOutTime=20:43
[2025-02-01 21:44:53] Updating time card: employeeId=2, clockOutDate=2025-02-04, clockOutTime=17:45
[2025-02-01 21:44:53] Error updating time card for employeeId=2, clockOutDate=2025-02-04, clockOutTime=17:45
[2025-02-02 12:33:27] Creating time card: employeeId=3, clockInDate=2025-01-31, clockInTime=20:30
[2025-02-02 12:33:27] Error creating time card for employeeId=3, clockInDate=2025-01-31, clockInTime=20:30
[2025-02-02 12:35:33] Creating time card: employeeId=4, clockInDate=2025-02-01, clockInTime=09:00
[2025-02-02 12:35:33] Error creating time card for employeeId=4, clockInDate=2025-02-01, clockInTime=09:00
[2025-02-02 12:36:21] Updating time card: employeeId=3, clockOutDate=2025-02-01, clockOutTime=05:30
[2025-02-02 12:36:21] Error updating time card for employeeId=3, clockOutDate=2025-02-01, clockOutTime=05:30
[2025-02-02 12:53:44] Fetching all time cards
[2025-02-02 12:54:16] Fetching all time cards
[2025-02-02 13:21:06] Fetching all time cards
[2025-02-02 13:21:50] Fetching all time cards
[2025-02-02 13:21:59] Fetching all time cards
[2025-02-02 13:22:00] Fetching all time cards
[2025-02-02 13:22:02] Fetching all time cards
[2025-02-02 13:22:29] Fetching all time cards
[2025-02-02 13:22:52] Fetching all time cards
[2025-02-02 13:22:52] Fetching all time cards
[2025-02-02 13:23:44] Fetching all time cards
[2025-02-02 13:23:45] Fetching all time cards
[2025-02-02 13:23:55] Fetching all time cards
[2025-02-02 13:25:22] Fetching all time cards
[2025-02-02 13:25:38] Fetching all time cards
[2025-02-02 13:25:40] Fetching all time cards
[2025-02-02 13:25:43] Fetching all time cards
[2025-02-02 13:25:46] Fetching all time cards
[2025-02-02 13:26:57] Fetching all time cards
[2025-02-02 13:27:08] Fetching all time cards
[2025-02-02 13:27:17] Fetching all time cards
[2025-02-02 13:29:06] Fetching all time cards
[2025-02-02 13:35:36] Fetching all time cards
