[2025-02-01 21:43:12] Most recent clock-in found: {"id":1,"employee_id":2,"clock_in_date":"2025-02-04","clock_out_date":null,"clock_in_time":"08:30:00","clock_out_time":null,"reported_hours":null,"overtime":null,"created_at":"2025-01-26 19:26:38"}
[2025-02-01 21:43:12] TimeCard update repo: 2
[2025-02-01 21:43:12] TimeCard updated: {}
[2025-02-01 21:44:53] Most recent clock-in found: {"id":1,"employee_id":2,"clock_in_date":"2025-02-04","clock_out_date":null,"clock_in_time":"08:30:00","clock_out_time":null,"reported_hours":null,"overtime":null,"created_at":"2025-01-26 19:26:38"}
[2025-02-01 21:44:53] TimeCard update repo: 2
[2025-02-01 21:44:53] TimeCard updated: {}
[2025-02-02 12:33:27] TimeCard saved: {}
[2025-02-02 12:35:33] TimeCard saved: {}
[2025-02-02 12:36:21] Most recent clock-in found: {"id":2,"employee_id":3,"clock_in_date":"2025-01-31","clock_out_date":null,"clock_in_time":"20:30:00","clock_out_time":null,"reported_hours":null,"overtime":null,"updated_at":"2025-02-02 11:33:27"}
[2025-02-02 12:36:21] TimeCard update repo: 3
[2025-02-02 12:36:21] TimeCard updated: {}
[2025-02-02 12:53:44] Fetching all time cards
[2025-02-02 12:53:44] Time cards fetched: [{},{},{}]
[2025-02-02 12:54:16] Fetching all time cards
[2025-02-02 12:54:16] Time cards fetched: [{},{},{}]
[2025-02-02 13:21:06] Fetching all time cards
[2025-02-02 13:21:06] Time cards fetched: [{},{},{}]
[2025-02-02 13:21:50] Fetching all time cards
[2025-02-02 13:21:50] Time cards fetched: [{},{},{}]
[2025-02-02 13:21:59] Fetching all time cards
[2025-02-02 13:21:59] Time cards fetched: [{},{},{}]
[2025-02-02 13:22:00] Fetching all time cards
[2025-02-02 13:22:00] Time cards fetched: [{},{},{}]
[2025-02-02 13:22:02] Fetching all time cards
[2025-02-02 13:22:02] Time cards fetched: [{},{},{}]
[2025-02-02 13:22:29] Fetching all time cards
[2025-02-02 13:22:29] Time cards fetched: [{},{},{}]
[2025-02-02 13:22:52] Fetching all time cards
[2025-02-02 13:22:52] Time cards fetched: [{},{},{}]
[2025-02-02 13:22:52] Fetching all time cards
[2025-02-02 13:22:52] Time cards fetched: [{},{},{}]
[2025-02-02 13:23:44] Fetching all time cards
[2025-02-02 13:23:44] Time cards fetched: [{},{},{}]
[2025-02-02 13:23:45] Fetching all time cards
[2025-02-02 13:23:45] Time cards fetched: [{},{},{}]
[2025-02-02 13:23:55] Fetching all time cards
[2025-02-02 13:23:55] Time cards fetched: [{},{},{}]
[2025-02-02 13:25:22] Fetching all time cards
[2025-02-02 13:25:22] Time cards fetched: [{},{},{}]
[2025-02-02 13:25:38] Fetching all time cards
[2025-02-02 13:25:38] Time cards fetched: [{},{},{}]
[2025-02-02 13:25:40] Fetching all time cards
[2025-02-02 13:25:40] Time cards fetched: [{},{},{}]
[2025-02-02 13:25:43] Fetching all time cards
[2025-02-02 13:25:43] Time cards fetched: [{},{},{}]
[2025-02-02 13:25:46] Fetching all time cards
[2025-02-02 13:25:46] Time cards fetched: [{},{},{}]
[2025-02-02 13:26:57] Fetching all time cards
[2025-02-02 13:26:57] Time cards fetched: [{},{},{}]
[2025-02-02 13:27:08] Fetching all time cards
[2025-02-02 13:27:08] Time cards fetched: [{},{},{}]
[2025-02-02 13:27:17] Fetching all time cards
[2025-02-02 13:27:17] Time cards fetched: [{},{},{}]
[2025-02-02 13:29:06] Fetching all time cards
[2025-02-02 13:29:06] Time cards fetched: [{},{},{}]
[2025-02-02 13:35:36] Fetching all time cards
[2025-02-02 13:35:36] Time cards fetched: [{},{},{}]
[2025-02-02 13:56:06] Fetching all time cards
[2025-02-02 13:56:06] Time cards fetched: [{},{},{}]
[2025-02-02 13:56:20] Fetching all time cards
[2025-02-02 13:56:20] Time cards fetched: [{},{},{}]
[2025-02-02 14:24:13] Fetching all time cards
[2025-02-02 14:24:13] Time cards fetched: [{},{},{}]
[2025-02-02 14:26:03] Fetching all time cards
[2025-02-02 14:26:03] Time cards fetched: [{},{},{}]
[2025-02-02 14:55:28] Fetching all time cards
[2025-02-02 14:55:28] Time cards fetched: [{},{},{}]
[2025-02-02 14:55:31] Fetching all time cards
[2025-02-02 14:55:31] Time cards fetched: [{},{},{}]
